Loading required package: Matrix
Loaded glmnet 4.1-8
Loading required package: mgcv
Loading required package: nlme
This is mgcv 1.9-1. For overview type 'help("mgcv-package")'.
Loading required package: genefilter
Loading required package: BiocParallel

Attaching package: ‘MASS’

The following object is masked from ‘package:genefilter’:

    area

Loading required package: limma
Loading required package: R.oo
Loading required package: R.methodsS3
R.methodsS3 v1.8.2 (2022-06-13 22:00:14 UTC) successfully loaded. See ?R.methodsS3 for help.
R.oo v1.27.0 (2024-11-01 18:00:02 UTC) successfully loaded. See ?R.oo for help.

Attaching package: ‘R.oo’

The following object is masked from ‘package:R.methodsS3’:

    throw

The following objects are masked from ‘package:methods’:

    getClasses, getMethods

The following objects are masked from ‘package:base’:

    attach, detach, load, save

R.utils v2.12.3 (2023-11-18 01:00:02 UTC) successfully loaded. See ?R.utils for help.

Attaching package: ‘R.utils’

The following object is masked from ‘package:utils’:

    timestamp

The following objects are masked from ‘package:base’:

    cat, commandArgs, getOption, isOpen, nullfile, parse, use, warnings

he0000bs20norm22tsort00 -seed- 17[1] "mark1"
[1] "mark2"
[1] "mark2-1"
[1] "mark2-2"
[1] "mark2-3"
[1] "mark2-4"
[1] "mark3"
[1] "mark4"
Iteration-1 [1] "mark1"
[1] "mark2"
[1] "mark2-1"
[1] "mark2-2"
[1] "mark2-3"
[1] "mark2-4"
[1] "mark3"
[1] "mark4"
Iteration-2 [1] "mark1"
[1] "mark2"
[1] "mark2-1"
[1] "mark2-2"
[1] "mark2-3"
[1] "mark2-4"
[1] "mark3"
[1] "mark4"
Iteration-3 [1] "mark1"
[1] "mark2"
[1] "mark2-1"
[1] "mark2-2"
[1] "mark2-3"
[1] "mark2-4"
[1] "mark3"
[1] "mark4"
Iteration-4 [1] "mark1"
[1] "mark2"
[1] "mark2-1"
[1] "mark2-2"
[1] "mark2-3"
[1] "mark2-4"
[1] "mark3"
[1] "mark4"
Iteration-5 [1] "mark1"
[1] "mark2"
[1] "mark2-1"
[1] "mark2-2"
[1] "mark2-3"
[1] "mark2-4"
[1] "mark3"
[1] "mark4"
Iteration-6 [1] "mark1"
[1] "mark2"
[1] "mark2-1"
[1] "mark2-2"
[1] "mark2-3"
[1] "mark2-4"
[1] "mark3"
[1] "mark4"
Iteration-7 [1] "mark1"
[1] "mark2"
[1] "mark2-1"
[1] "mark2-2"
[1] "mark2-3"
[1] "mark2-4"
[1] "mark3"
[1] "mark4"
Iteration-8 [1] "mark1"
[1] "mark2"
[1] "mark2-1"
[1] "mark2-2"
[1] "mark2-3"
[1] "mark2-4"
[1] "mark3"
[1] "mark4"
Iteration-9 [1] "mark1"
[1] "mark2"
[1] "mark2-1"
[1] "mark2-2"
[1] "mark2-3"
[1] "mark2-4"
[1] "mark3"
[1] "mark4"
Iteration-10 [1] "mark1"
[1] "mark2"
[1] "mark2-1"
[1] "mark2-2"
[1] "mark2-3"
[1] "mark2-4"
[1] "mark3"
[1] "mark4"
Iteration-11 [1] "mark1"
[1] "mark2"
[1] "mark2-1"
[1] "mark2-2"
[1] "mark2-3"
[1] "mark2-4"
[1] "mark3"
[1] "mark4"
Iteration-12 [1] "mark1"
[1] "mark2"
[1] "mark2-1"
[1] "mark2-2"
[1] "mark2-3"
[1] "mark2-4"
[1] "mark3"
[1] "mark4"
Iteration-13 [1] "mark1"
[1] "mark2"
[1] "mark2-1"
[1] "mark2-2"
[1] "mark2-3"
[1] "mark2-4"
[1] "mark3"
[1] "mark4"
Iteration-14 [1] "mark1"
[1] "mark2"
[1] "mark2-1"
[1] "mark2-2"
[1] "mark2-3"
[1] "mark2-4"
[1] "mark3"
[1] "mark4"
Iteration-15 [1] "mark1"
[1] "mark2"
[1] "mark2-1"
[1] "mark2-2"
[1] "mark2-3"
[1] "mark2-4"
[1] "mark3"
[1] "mark4"
Iteration-16 [1] "mark1"
[1] "mark2"
[1] "mark2-1"
[1] "mark2-2"
[1] "mark2-3"
[1] "mark2-4"
[1] "mark3"
[1] "mark4"
Iteration-17 [1] "mark1"
[1] "mark2"
[1] "mark2-1"
[1] "mark2-2"
[1] "mark2-3"
[1] "mark2-4"
[1] "mark3"
[1] "mark4"
Iteration-18 [1] "mark1"
[1] "mark2"
[1] "mark2-1"
[1] "mark2-2"
[1] "mark2-3"
[1] "mark2-4"
[1] "mark3"
[1] "mark4"
Iteration-19 [1] "mark1"
[1] "mark2"
[1] "mark2-1"
[1] "mark2-2"
[1] "mark2-3"
[1] "mark2-4"
[1] "mark3"
[1] "mark4"
Iteration-20  done 
Warning messages:
1: In coxph.fit(X, Y, istrat, offset, init, control, weights = weights,  :
  Loglik converged before variable  1 ; coefficient may be infinite. 
2: In coxph.fit(X, Y, istrat, offset, init, control, weights = weights,  :
  Loglik converged before variable  1 ; coefficient may be infinite. 
