Loading required package: Matrix
Loaded glmnet 4.1-8
Loading required package: mgcv
Loading required package: nlme
This is mgcv 1.9-1. For overview type 'help("mgcv-package")'.
Loading required package: genefilter
Loading required package: BiocParallel

Attaching package: ‘MASS’

The following object is masked from ‘package:genefilter’:

    area

Loading required package: limma
Loading required package: R.oo
Loading required package: R.methodsS3
R.methodsS3 v1.8.2 (2022-06-13 22:00:14 UTC) successfully loaded. See ?R.methodsS3 for help.
R.oo v1.27.0 (2024-11-01 18:00:02 UTC) successfully loaded. See ?R.oo for help.

Attaching package: ‘R.oo’

The following object is masked from ‘package:R.methodsS3’:

    throw

The following objects are masked from ‘package:methods’:

    getClasses, getMethods

The following objects are masked from ‘package:base’:

    attach, detach, load, save

R.utils v2.12.3 (2023-11-18 01:00:02 UTC) successfully loaded. See ?R.utils for help.

Attaching package: ‘R.utils’

The following object is masked from ‘package:utils’:

    timestamp

The following objects are masked from ‘package:base’:

    cat, commandArgs, getOption, isOpen, nullfile, parse, use, warnings

Error. Skipping.
he0000bs20norm11tsort00-aug-seed-2[1] "iter=20"
Error. Skipping.
[1] "iter=21"
Error. Skipping.
[1] "iter=22"
Error. Skipping.
[1] "iter=23"
Error. Skipping.
[1] "iter=24"
Error. Skipping.
[1] "iter=25"
Error. Skipping.
[1] "iter=26"
Error. Skipping.
[1] "iter=27"
Error. Skipping.
[1] "iter=28"
Error. Skipping.
[1] "iter=29"
Error. Skipping.
[1] "iter=30"
Error. Skipping.
[1] "iter=31"
Error. Skipping.
[1] "iter=32"
Error. Skipping.
[1] "iter=33"
Error. Skipping.
[1] "iter=34"
Error. Skipping.
[1] "iter=35"
Error. Skipping.
[1] "iter=36"
Error. Skipping.
[1] "iter=37"
Error. Skipping.
[1] "iter=38"
Error. Skipping.
[1] "iter=39"
 done 
