Loading required package: Matrix
Loaded glmnet 4.1-8
Loading required package: mgcv
Loading required package: nlme
This is mgcv 1.9-1. For overview type 'help("mgcv-package")'.
Loading required package: genefilter
Loading required package: BiocParallel

Attaching package: ‘MASS’

The following object is masked from ‘package:genefilter’:

    area

Loading required package: limma
Loading required package: R.oo
Loading required package: R.methodsS3
R.methodsS3 v1.8.2 (2022-06-13 22:00:14 UTC) successfully loaded. See ?R.methodsS3 for help.
R.oo v1.27.0 (2024-11-01 18:00:02 UTC) successfully loaded. See ?R.oo for help.

Attaching package: ‘R.oo’

The following object is masked from ‘package:R.methodsS3’:

    throw

The following objects are masked from ‘package:methods’:

    getClasses, getMethods

The following objects are masked from ‘package:base’:

    attach, detach, load, save

R.utils v2.12.3 (2023-11-18 01:00:02 UTC) successfully loaded. See ?R.utils for help.

Attaching package: ‘R.utils’

The following object is masked from ‘package:utils’:

    timestamp

The following objects are masked from ‘package:base’:

    cat, commandArgs, getOption, isOpen, nullfile, parse, use, warnings

he0000bs20norm11tsort00-aug-seed-1[1] "mark1"
[1] "mark2"
[1] "mark2-1"
[1] "mark2-2"
[1] "mark2-3"
[1] "mark2-4"
[1] "mark3"
[1] "mark4"
Iteration-1 [1] "mark1"
[1] "mark2"
[1] "mark2-1"
[1] "mark2-2"
[1] "mark2-3"
[1] "mark2-4"
[1] "mark3"
[1] "mark4"
Iteration-2 [1] "mark1"
[1] "mark2"
[1] "mark2-1"
[1] "mark2-2"
[1] "mark2-3"
[1] "mark2-4"
[1] "mark3"
flag=1lambda=NA flag=1lambda=NA flag=1lambda=NA flag=1lambda=NA flag=1lambda=NA flag=1lambda=NA [1] "mark4"
Iteration-3 [1] "mark1"
[1] "mark2"
[1] "mark2-1"
[1] "mark2-2"
[1] "mark2-3"
[1] "mark2-4"
[1] "mark3"
[1] "mark4"
Iteration-4 [1] "mark1"
[1] "mark2"
[1] "mark2-1"
[1] "mark2-2"
[1] "mark2-3"
[1] "mark2-4"
[1] "mark3"
flag=1lambda=NA flag=1lambda=NA flag=1lambda=NA flag=1lambda=NA flag=1lambda=NA flag=1lambda=NA flag=1lambda=NA flag=1lambda=NA [1] "mark4"
Iteration-5 [1] "mark1"
[1] "mark2"
[1] "mark2-1"
[1] "mark2-2"
[1] "mark2-3"
[1] "mark2-4"
[1] "mark3"
flag=1lambda=NA [1] "mark4"
Iteration-6 [1] "mark1"
[1] "mark2"
[1] "mark2-1"
[1] "mark2-2"
[1] "mark2-3"
[1] "mark2-4"
[1] "mark3"
[1] "mark4"
Iteration-7 [1] "mark1"
[1] "mark2"
[1] "mark2-1"
[1] "mark2-2"
[1] "mark2-3"
[1] "mark2-4"
[1] "mark3"
flag=1lambda=NA flag=1lambda=NA flag=1lambda=NA flag=1lambda=NA [1] "mark4"
Iteration-8 [1] "mark1"
[1] "mark2"
[1] "mark2-1"
[1] "mark2-2"
[1] "mark2-3"
[1] "mark2-4"
[1] "mark3"
flag=1lambda=NA [1] "mark4"
Iteration-9 [1] "mark1"
[1] "mark2"
[1] "mark2-1"
[1] "mark2-2"
[1] "mark2-3"
[1] "mark2-4"
[1] "mark3"
[1] "mark4"
Iteration-10 [1] "mark1"
[1] "mark2"
[1] "mark2-1"
[1] "mark2-2"
[1] "mark2-3"
[1] "mark2-4"
[1] "mark3"
flag=1lambda=NA flag=1lambda=NA flag=1lambda=NA flag=1lambda=NA flag=1lambda=NA flag=1lambda=NA flag=1lambda=NA flag=1lambda=NA flag=1lambda=NA [1] "mark4"
Iteration-11 [1] "mark1"
[1] "mark2"
[1] "mark2-1"
[1] "mark2-2"
[1] "mark2-3"
[1] "mark2-4"
[1] "mark3"
flag=1lambda=NA flag=1lambda=NA flag=1lambda=NA flag=1lambda=NA flag=1lambda=NA flag=1lambda=NA flag=1lambda=NA [1] "mark4"
Iteration-12 [1] "mark1"
[1] "mark2"
[1] "mark2-1"
[1] "mark2-2"
[1] "mark2-3"
[1] "mark2-4"
[1] "mark3"
[1] "mark4"
Iteration-13 [1] "mark1"
[1] "mark2"
[1] "mark2-1"
[1] "mark2-2"
[1] "mark2-3"
[1] "mark2-4"
[1] "mark3"
flag=1lambda=NA flag=1lambda=NA flag=1lambda=NA flag=1lambda=NA flag=1lambda=NA flag=1lambda=NA flag=1lambda=NA flag=1lambda=NA [1] "mark4"
Iteration-14 [1] "mark1"
[1] "mark2"
[1] "mark2-1"
[1] "mark2-2"
[1] "mark2-3"
[1] "mark2-4"
[1] "mark3"
flag=1lambda=NA flag=1lambda=NA [1] "mark4"
Iteration-15 [1] "mark1"
[1] "mark2"
[1] "mark2-1"
[1] "mark2-2"
[1] "mark2-3"
[1] "mark2-4"
[1] "mark3"
flag=1lambda=NA flag=1lambda=NA flag=1lambda=NA flag=1lambda=NA flag=1lambda=NA flag=1lambda=NA flag=1lambda=NA [1] "mark4"
Iteration-16 [1] "mark1"
[1] "mark2"
[1] "mark2-1"
[1] "mark2-2"
[1] "mark2-3"
[1] "mark2-4"
[1] "mark3"
[1] "mark4"
Iteration-17 [1] "mark1"
[1] "mark2"
[1] "mark2-1"
[1] "mark2-2"
[1] "mark2-3"
[1] "mark2-4"
[1] "mark3"
flag=1lambda=NA flag=1lambda=NA flag=1lambda=NA flag=1lambda=NA [1] "mark4"
Iteration-18 [1] "mark1"
[1] "mark2"
[1] "mark2-1"
[1] "mark2-2"
[1] "mark2-3"
[1] "mark2-4"
[1] "mark3"
flag=1lambda=NA flag=1lambda=NA flag=1lambda=NA flag=1lambda=NA flag=1lambda=NA flag=1lambda=NA flag=1lambda=NA flag=1lambda=NA flag=1lambda=NA flag=1lambda=NA flag=1lambda=NA flag=1lambda=NA flag=1lambda=NA [1] "mark4"
Iteration-19 [1] "mark1"
[1] "mark2"
[1] "mark2-1"
[1] "mark2-2"
[1] "mark2-3"
[1] "mark2-4"
[1] "mark3"
flag=1lambda=NA flag=1lambda=NA flag=1lambda=NA flag=1lambda=NA flag=1lambda=NA flag=1lambda=NA flag=1lambda=NA flag=1lambda=NA flag=1lambda=NA flag=1lambda=NA flag=1lambda=NA flag=1lambda=NA flag=1lambda=NA [1] "mark4"
Iteration-20 [1] "mark1"
[1] "mark2"
[1] "mark2-1"
[1] "mark2-2"
[1] "mark2-3"
[1] "mark2-4"
[1] "mark3"
flag=1lambda=NA flag=1lambda=NA flag=1lambda=NA flag=1lambda=NA flag=1lambda=NA flag=1lambda=NA [1] "mark4"
Iteration-21 [1] "mark1"
[1] "mark2"
[1] "mark2-1"
[1] "mark2-2"
[1] "mark2-3"
[1] "mark2-4"
[1] "mark3"
flag=1lambda=NA flag=1lambda=NA flag=1lambda=NA [1] "mark4"
Iteration-22 [1] "mark1"
[1] "mark2"
[1] "mark2-1"
[1] "mark2-2"
[1] "mark2-3"
[1] "mark2-4"
[1] "mark3"
flag=1lambda=NA flag=1lambda=NA flag=1lambda=NA flag=1lambda=NA flag=1lambda=NA flag=1lambda=NA flag=1lambda=NA flag=1lambda=NA flag=1lambda=NA flag=1lambda=NA [1] "mark4"
Iteration-23 [1] "mark1"
[1] "mark2"
[1] "mark2-1"
[1] "mark2-2"
[1] "mark2-3"
[1] "mark2-4"
[1] "mark3"
flag=1lambda=NA [1] "mark4"
Iteration-24 [1] "mark1"
[1] "mark2"
[1] "mark2-1"
[1] "mark2-2"
[1] "mark2-3"
[1] "mark2-4"
[1] "mark3"
flag=1lambda=NA flag=1lambda=NA flag=1lambda=NA flag=1lambda=NA flag=1lambda=NA flag=1lambda=NA flag=1lambda=NA flag=1lambda=NA flag=1lambda=NA flag=1lambda=NA flag=1lambda=NA [1] "mark4"
Iteration-25 [1] "mark1"
[1] "mark2"
[1] "mark2-1"
[1] "mark2-2"
[1] "mark2-3"
[1] "mark2-4"
[1] "mark3"
[1] "mark4"
Iteration-26 [1] "mark1"
[1] "mark2"
[1] "mark2-1"
[1] "mark2-2"
[1] "mark2-3"
[1] "mark2-4"
[1] "mark3"
[1] "mark4"
Iteration-27 [1] "mark1"
[1] "mark2"
[1] "mark2-1"
[1] "mark2-2"
[1] "mark2-3"
[1] "mark2-4"
[1] "mark3"
flag=1lambda=NA flag=1lambda=NA flag=1lambda=NA [1] "mark4"
Iteration-28 [1] "mark1"
[1] "mark2"
[1] "mark2-1"
[1] "mark2-2"
[1] "mark2-3"
[1] "mark2-4"
[1] "mark3"
[1] "mark4"
Iteration-29 [1] "mark1"
[1] "mark2"
[1] "mark2-1"
[1] "mark2-2"
[1] "mark2-3"
[1] "mark2-4"
[1] "mark3"
flag=1lambda=NA flag=1lambda=NA flag=1lambda=NA flag=1lambda=NA flag=1lambda=NA flag=1lambda=NA flag=1lambda=NA [1] "mark4"
Iteration-30 [1] "mark1"
[1] "mark2"
[1] "mark2-1"
[1] "mark2-2"
[1] "mark2-3"
[1] "mark2-4"
[1] "mark3"
flag=1lambda=NA flag=1lambda=NA flag=1lambda=NA flag=1lambda=NA flag=1lambda=NA flag=1lambda=NA [1] "mark4"
Iteration-31 [1] "mark1"
[1] "mark2"
[1] "mark2-1"
[1] "mark2-2"
[1] "mark2-3"
[1] "mark2-4"
[1] "mark3"
[1] "mark4"
Iteration-32 [1] "mark1"
[1] "mark2"
[1] "mark2-1"
[1] "mark2-2"
[1] "mark2-3"
[1] "mark2-4"
[1] "mark3"
flag=1lambda=NA flag=1lambda=NA flag=1lambda=NA flag=1lambda=NA flag=1lambda=NA flag=1lambda=NA flag=1lambda=NA flag=1lambda=NA flag=1lambda=NA flag=1lambda=NA flag=1lambda=NA [1] "mark4"
Iteration-33 [1] "mark1"
[1] "mark2"
[1] "mark2-1"
[1] "mark2-2"
[1] "mark2-3"
[1] "mark2-4"
[1] "mark3"
[1] "mark4"
Iteration-34 [1] "mark1"
[1] "mark2"
[1] "mark2-1"
[1] "mark2-2"
[1] "mark2-3"
[1] "mark2-4"
[1] "mark3"
[1] "mark4"
Iteration-35 [1] "mark1"
[1] "mark2"
[1] "mark2-1"
[1] "mark2-2"
[1] "mark2-3"
[1] "mark2-4"
[1] "mark3"
[1] "mark4"
Iteration-36 [1] "mark1"
[1] "mark2"
[1] "mark2-1"
[1] "mark2-2"
[1] "mark2-3"
[1] "mark2-4"
[1] "mark3"
flag=1lambda=NA flag=1lambda=NA flag=1lambda=NA flag=1lambda=NA flag=1lambda=NA flag=1lambda=NA flag=1lambda=NA flag=1lambda=NA flag=1lambda=NA flag=1lambda=NA flag=1lambda=NA flag=1lambda=NA flag=1lambda=NA flag=1lambda=NA [1] "mark4"
Iteration-37 [1] "mark1"
[1] "mark2"
[1] "mark2-1"
[1] "mark2-2"
[1] "mark2-3"
[1] "mark2-4"
[1] "mark3"
[1] "mark4"
Iteration-38 [1] "mark1"
[1] "mark2"
[1] "mark2-1"
[1] "mark2-2"
[1] "mark2-3"
[1] "mark2-4"
[1] "mark3"
flag=1lambda=NA flag=1lambda=NA flag=1lambda=NA flag=1lambda=NA flag=1lambda=NA flag=1lambda=NA flag=1lambda=NA flag=1lambda=NA [1] "mark4"
Iteration-39 [1] "mark1"
[1] "mark2"
[1] "mark2-1"
[1] "mark2-2"
[1] "mark2-3"
[1] "mark2-4"
[1] "mark3"
flag=1lambda=NA flag=1lambda=NA flag=1lambda=NA flag=1lambda=NA flag=1lambda=NA flag=1lambda=NA flag=1lambda=NA [1] "mark4"
Iteration-40 [1] "mark1"
[1] "mark2"
[1] "mark2-1"
[1] "mark2-2"
[1] "mark2-3"
[1] "mark2-4"
[1] "mark3"
flag=1lambda=NA flag=1lambda=NA flag=1lambda=NA flag=1lambda=NA flag=1lambda=NA flag=1lambda=NA flag=1lambda=NA flag=1lambda=NA [1] "mark4"
Iteration-41 [1] "mark1"
[1] "mark2"
[1] "mark2-1"
[1] "mark2-2"
[1] "mark2-3"
[1] "mark2-4"
[1] "mark3"
flag=1lambda=NA flag=1lambda=NA flag=1lambda=NA flag=1lambda=NA flag=1lambda=NA flag=1lambda=NA flag=1lambda=NA [1] "mark4"
Iteration-42 [1] "mark1"
[1] "mark2"
[1] "mark2-1"
[1] "mark2-2"
[1] "mark2-3"
[1] "mark2-4"
[1] "mark3"
flag=1lambda=NA flag=1lambda=NA flag=1lambda=NA flag=1lambda=NA flag=1lambda=NA flag=1lambda=NA flag=1lambda=NA flag=1lambda=NA flag=1lambda=NA flag=1lambda=NA flag=1lambda=NA flag=1lambda=NA [1] "mark4"
Iteration-43 [1] "mark1"
[1] "mark2"
[1] "mark2-1"
[1] "mark2-2"
[1] "mark2-3"
[1] "mark2-4"
[1] "mark3"
flag=1lambda=NA flag=1lambda=NA flag=1lambda=NA flag=1lambda=NA flag=1lambda=NA flag=1lambda=NA flag=1lambda=NA flag=1lambda=NA flag=1lambda=NA flag=1lambda=NA flag=1lambda=NA [1] "mark4"
Iteration-44 [1] "mark1"
[1] "mark2"
[1] "mark2-1"
[1] "mark2-2"
[1] "mark2-3"
[1] "mark2-4"
[1] "mark3"
flag=1lambda=NA flag=1lambda=NA flag=1lambda=NA flag=1lambda=NA flag=1lambda=NA flag=1lambda=NA flag=1lambda=NA [1] "mark4"
Iteration-45 [1] "mark1"
[1] "mark2"
[1] "mark2-1"
[1] "mark2-2"
[1] "mark2-3"
[1] "mark2-4"
[1] "mark3"
[1] "mark4"
Iteration-46 [1] "mark1"
[1] "mark2"
[1] "mark2-1"
[1] "mark2-2"
[1] "mark2-3"
[1] "mark2-4"
[1] "mark3"
flag=1lambda=NA flag=1lambda=NA flag=1lambda=NA flag=1lambda=NA flag=1lambda=NA [1] "mark4"
Iteration-47 [1] "mark1"
[1] "mark2"
[1] "mark2-1"
[1] "mark2-2"
[1] "mark2-3"
[1] "mark2-4"
[1] "mark3"
flag=1lambda=NA flag=1lambda=NA flag=1lambda=NA flag=1lambda=NA flag=1lambda=NA flag=1lambda=NA flag=1lambda=NA flag=1lambda=NA flag=1lambda=NA flag=1lambda=NA flag=1lambda=NA [1] "mark4"
Iteration-48 [1] "mark1"
[1] "mark2"
[1] "mark2-1"
[1] "mark2-2"
[1] "mark2-3"
[1] "mark2-4"
[1] "mark3"
flag=1lambda=NA [1] "mark4"
Iteration-49 [1] "mark1"
[1] "mark2"
[1] "mark2-1"
[1] "mark2-2"
[1] "mark2-3"
[1] "mark2-4"
[1] "mark3"
flag=1lambda=NA flag=1lambda=NA flag=1lambda=NA flag=1lambda=NA flag=1lambda=NA flag=1lambda=NA flag=1lambda=NA flag=1lambda=NA flag=1lambda=NA flag=1lambda=NA flag=1lambda=NA [1] "mark4"
Iteration-50 [1] "mark1"
[1] "mark2"
[1] "mark2-1"
[1] "mark2-2"
[1] "mark2-3"
[1] "mark2-4"
[1] "mark3"
flag=1lambda=NA flag=1lambda=NA flag=1lambda=NA flag=1lambda=NA flag=1lambda=NA flag=1lambda=NA flag=1lambda=NA flag=1lambda=NA flag=1lambda=NA flag=1lambda=NA flag=1lambda=NA flag=1lambda=NA [1] "mark4"
Iteration-51 [1] "mark1"
[1] "mark2"
[1] "mark2-1"
[1] "mark2-2"
[1] "mark2-3"
[1] "mark2-4"
[1] "mark3"
flag=1lambda=NA flag=1lambda=NA flag=1lambda=NA flag=1lambda=NA flag=1lambda=NA flag=1lambda=NA [1] "mark4"
Iteration-52 [1] "mark1"
[1] "mark2"
[1] "mark2-1"
[1] "mark2-2"
[1] "mark2-3"
[1] "mark2-4"
[1] "mark3"
[1] "mark4"
Iteration-53 [1] "mark1"
[1] "mark2"
[1] "mark2-1"
[1] "mark2-2"
[1] "mark2-3"
[1] "mark2-4"
[1] "mark3"
flag=1lambda=NA flag=1lambda=NA flag=1lambda=NA flag=1lambda=NA flag=1lambda=NA flag=1lambda=NA flag=1lambda=NA flag=1lambda=NA flag=1lambda=NA flag=1lambda=NA flag=1lambda=NA [1] "mark4"
Iteration-54 [1] "mark1"
[1] "mark2"
[1] "mark2-1"
[1] "mark2-2"
[1] "mark2-3"
[1] "mark2-4"
[1] "mark3"
flag=1lambda=NA flag=1lambda=NA flag=1lambda=NA flag=1lambda=NA flag=1lambda=NA flag=1lambda=NA flag=1lambda=NA flag=1lambda=NA flag=1lambda=NA flag=1lambda=NA flag=1lambda=NA flag=1lambda=NA [1] "mark4"
Iteration-55 [1] "mark1"
[1] "mark2"
[1] "mark2-1"
[1] "mark2-2"
[1] "mark2-3"
[1] "mark2-4"
[1] "mark3"
[1] "mark4"
Iteration-56 [1] "mark1"
[1] "mark2"
[1] "mark2-1"
[1] "mark2-2"
[1] "mark2-3"
[1] "mark2-4"
[1] "mark3"
[1] "mark4"
Iteration-57 [1] "mark1"
[1] "mark2"
[1] "mark2-1"
[1] "mark2-2"
[1] "mark2-3"
[1] "mark2-4"
[1] "mark3"
flag=1lambda=NA flag=1lambda=NA flag=1lambda=NA flag=1lambda=NA flag=1lambda=NA flag=1lambda=NA flag=1lambda=NA flag=1lambda=NA flag=1lambda=NA [1] "mark4"
Iteration-58 [1] "mark1"
[1] "mark2"
[1] "mark2-1"
[1] "mark2-2"
[1] "mark2-3"
[1] "mark2-4"
[1] "mark3"
flag=1lambda=NA flag=1lambda=NA flag=1lambda=NA flag=1lambda=NA flag=1lambda=NA flag=1lambda=NA flag=1lambda=NA flag=1lambda=NA flag=1lambda=NA flag=1lambda=NA [1] "mark4"
Iteration-59 [1] "mark1"
[1] "mark2"
[1] "mark2-1"
[1] "mark2-2"
[1] "mark2-3"
[1] "mark2-4"
[1] "mark3"
flag=1lambda=NA flag=1lambda=NA flag=1lambda=NA flag=1lambda=NA flag=1lambda=NA [1] "mark4"
Iteration-60 [1] "mark1"
[1] "mark2"
[1] "mark2-1"
[1] "mark2-2"
[1] "mark2-3"
[1] "mark2-4"
[1] "mark3"
flag=1lambda=NA flag=1lambda=NA flag=1lambda=NA flag=1lambda=NA flag=1lambda=NA flag=1lambda=NA flag=1lambda=NA flag=1lambda=NA [1] "mark4"
Iteration-61 [1] "mark1"
[1] "mark2"
[1] "mark2-1"
[1] "mark2-2"
[1] "mark2-3"
[1] "mark2-4"
[1] "mark3"
flag=1lambda=NA flag=1lambda=NA flag=1lambda=NA flag=1lambda=NA flag=1lambda=NA flag=1lambda=NA [1] "mark4"
Iteration-62 [1] "mark1"
[1] "mark2"
[1] "mark2-1"
[1] "mark2-2"
[1] "mark2-3"
[1] "mark2-4"
[1] "mark3"
[1] "mark4"
Iteration-63 [1] "mark1"
[1] "mark2"
[1] "mark2-1"
[1] "mark2-2"
[1] "mark2-3"
[1] "mark2-4"
[1] "mark3"
[1] "mark4"
Iteration-64 [1] "mark1"
[1] "mark2"
[1] "mark2-1"
[1] "mark2-2"
[1] "mark2-3"
[1] "mark2-4"
[1] "mark3"
flag=1lambda=NA flag=1lambda=NA flag=1lambda=NA [1] "mark4"
Iteration-65 [1] "mark1"
[1] "mark2"
[1] "mark2-1"
[1] "mark2-2"
[1] "mark2-3"
[1] "mark2-4"
[1] "mark3"
flag=1lambda=NA flag=1lambda=NA flag=1lambda=NA flag=1lambda=NA flag=1lambda=NA flag=1lambda=NA flag=1lambda=NA [1] "mark4"
Iteration-66 [1] "mark1"
[1] "mark2"
[1] "mark2-1"
[1] "mark2-2"
[1] "mark2-3"
[1] "mark2-4"
[1] "mark3"
flag=1lambda=NA flag=1lambda=NA flag=1lambda=NA flag=1lambda=NA flag=1lambda=NA flag=1lambda=NA [1] "mark4"
Iteration-67 [1] "mark1"
[1] "mark2"
[1] "mark2-1"
[1] "mark2-2"
[1] "mark2-3"
[1] "mark2-4"
[1] "mark3"
flag=1lambda=NA flag=1lambda=NA flag=1lambda=NA [1] "mark4"
Iteration-68 [1] "mark1"
[1] "mark2"
[1] "mark2-1"
[1] "mark2-2"
[1] "mark2-3"
[1] "mark2-4"
[1] "mark3"
[1] "mark4"
Iteration-69 [1] "mark1"
[1] "mark2"
[1] "mark2-1"
[1] "mark2-2"
[1] "mark2-3"
[1] "mark2-4"
[1] "mark3"
flag=1lambda=NA flag=1lambda=NA flag=1lambda=NA [1] "mark4"
Iteration-70 [1] "mark1"
[1] "mark2"
[1] "mark2-1"
[1] "mark2-2"
[1] "mark2-3"
[1] "mark2-4"
[1] "mark3"
[1] "mark4"
Iteration-71 [1] "mark1"
[1] "mark2"
[1] "mark2-1"
[1] "mark2-2"
[1] "mark2-3"
[1] "mark2-4"
[1] "mark3"
[1] "mark4"
Iteration-72 [1] "mark1"
[1] "mark2"
[1] "mark2-1"
[1] "mark2-2"
[1] "mark2-3"
[1] "mark2-4"
[1] "mark3"
flag=1lambda=NA flag=1lambda=NA flag=1lambda=NA flag=1lambda=NA flag=1lambda=NA flag=1lambda=NA flag=1lambda=NA flag=1lambda=NA [1] "mark4"
Iteration-73 [1] "mark1"
[1] "mark2"
[1] "mark2-1"
[1] "mark2-2"
[1] "mark2-3"
[1] "mark2-4"
[1] "mark3"
flag=1lambda=NA flag=1lambda=NA flag=1lambda=NA flag=1lambda=NA flag=1lambda=NA flag=1lambda=NA flag=1lambda=NA flag=1lambda=NA flag=1lambda=NA flag=1lambda=NA [1] "mark4"
Iteration-74 [1] "mark1"
[1] "mark2"
[1] "mark2-1"
[1] "mark2-2"
[1] "mark2-3"
[1] "mark2-4"
[1] "mark3"
flag=1lambda=NA flag=1lambda=NA flag=1lambda=NA flag=1lambda=NA flag=1lambda=NA flag=1lambda=NA flag=1lambda=NA flag=1lambda=NA flag=1lambda=NA [1] "mark4"
Iteration-75 [1] "mark1"
[1] "mark2"
[1] "mark2-1"
[1] "mark2-2"
[1] "mark2-3"
[1] "mark2-4"
[1] "mark3"
flag=1lambda=NA flag=1lambda=NA flag=1lambda=NA flag=1lambda=NA flag=1lambda=NA flag=1lambda=NA flag=1lambda=NA flag=1lambda=NA flag=1lambda=NA flag=1lambda=NA flag=1lambda=NA flag=1lambda=NA flag=1lambda=NA flag=1lambda=NA [1] "mark4"
Iteration-76 [1] "mark1"
[1] "mark2"
[1] "mark2-1"
[1] "mark2-2"
[1] "mark2-3"
[1] "mark2-4"
[1] "mark3"
flag=1lambda=NA flag=1lambda=NA flag=1lambda=NA flag=1lambda=NA flag=1lambda=NA flag=1lambda=NA [1] "mark4"
Iteration-77 [1] "mark1"
[1] "mark2"
[1] "mark2-1"
[1] "mark2-2"
[1] "mark2-3"
[1] "mark2-4"
[1] "mark3"
flag=1lambda=NA flag=1lambda=NA flag=1lambda=NA flag=1lambda=NA flag=1lambda=NA [1] "mark4"
Iteration-78 [1] "mark1"
[1] "mark2"
[1] "mark2-1"
[1] "mark2-2"
[1] "mark2-3"
[1] "mark2-4"
[1] "mark3"
flag=1lambda=NA flag=1lambda=NA [1] "mark4"
Iteration-79 [1] "mark1"
[1] "mark2"
[1] "mark2-1"
[1] "mark2-2"
[1] "mark2-3"
[1] "mark2-4"
[1] "mark3"
[1] "mark4"
Iteration-80 [1] "mark1"
[1] "mark2"
[1] "mark2-1"
[1] "mark2-2"
[1] "mark2-3"
[1] "mark2-4"
[1] "mark3"
flag=1lambda=NA flag=1lambda=NA flag=1lambda=NA flag=1lambda=NA flag=1lambda=NA flag=1lambda=NA flag=1lambda=NA flag=1lambda=NA flag=1lambda=NA flag=1lambda=NA flag=1lambda=NA flag=1lambda=NA [1] "mark4"
Iteration-81 [1] "mark1"
[1] "mark2"
[1] "mark2-1"
[1] "mark2-2"
[1] "mark2-3"
[1] "mark2-4"
[1] "mark3"
flag=1lambda=NA flag=1lambda=NA flag=1lambda=NA flag=1lambda=NA flag=1lambda=NA flag=1lambda=NA flag=1lambda=NA flag=1lambda=NA [1] "mark4"
Iteration-82 [1] "mark1"
[1] "mark2"
[1] "mark2-1"
[1] "mark2-2"
[1] "mark2-3"
[1] "mark2-4"
[1] "mark3"
[1] "mark4"
Iteration-83 [1] "mark1"
[1] "mark2"
[1] "mark2-1"
[1] "mark2-2"
[1] "mark2-3"
[1] "mark2-4"
[1] "mark3"
[1] "mark4"
Iteration-84 [1] "mark1"
[1] "mark2"
[1] "mark2-1"
[1] "mark2-2"
[1] "mark2-3"
[1] "mark2-4"
[1] "mark3"
flag=1lambda=NA flag=1lambda=NA flag=1lambda=NA flag=1lambda=NA flag=1lambda=NA flag=1lambda=NA flag=1lambda=NA flag=1lambda=NA flag=1lambda=NA [1] "mark4"
Iteration-85 [1] "mark1"
[1] "mark2"
[1] "mark2-1"
[1] "mark2-2"
[1] "mark2-3"
[1] "mark2-4"
[1] "mark3"
flag=1lambda=NA flag=1lambda=NA flag=1lambda=NA flag=1lambda=NA flag=1lambda=NA flag=1lambda=NA flag=1lambda=NA flag=1lambda=NA flag=1lambda=NA flag=1lambda=NA flag=1lambda=NA flag=1lambda=NA [1] "mark4"
Iteration-86 [1] "mark1"
[1] "mark2"
[1] "mark2-1"
[1] "mark2-2"
[1] "mark2-3"
[1] "mark2-4"
[1] "mark3"
[1] "mark4"
Iteration-87 [1] "mark1"
[1] "mark2"
[1] "mark2-1"
[1] "mark2-2"
[1] "mark2-3"
[1] "mark2-4"
[1] "mark3"
flag=1lambda=NA flag=1lambda=NA flag=1lambda=NA flag=1lambda=NA flag=1lambda=NA [1] "mark4"
Iteration-88 [1] "mark1"
[1] "mark2"
[1] "mark2-1"
[1] "mark2-2"
[1] "mark2-3"
[1] "mark2-4"
[1] "mark3"
flag=1lambda=NA flag=1lambda=NA flag=1lambda=NA flag=1lambda=NA [1] "mark4"
Iteration-89 [1] "mark1"
[1] "mark2"
[1] "mark2-1"
[1] "mark2-2"
[1] "mark2-3"
[1] "mark2-4"
[1] "mark3"
flag=1lambda=NA flag=1lambda=NA flag=1lambda=NA flag=1lambda=NA flag=1lambda=NA flag=1lambda=NA flag=1lambda=NA flag=1lambda=NA flag=1lambda=NA flag=1lambda=NA flag=1lambda=NA [1] "mark4"
Iteration-90 [1] "mark1"
[1] "mark2"
[1] "mark2-1"
[1] "mark2-2"
[1] "mark2-3"
[1] "mark2-4"
[1] "mark3"
flag=1lambda=NA flag=1lambda=NA [1] "mark4"
Iteration-91 [1] "mark1"
[1] "mark2"
[1] "mark2-1"
[1] "mark2-2"
[1] "mark2-3"
[1] "mark2-4"
[1] "mark3"
flag=1lambda=NA flag=1lambda=NA flag=1lambda=NA flag=1lambda=NA flag=1lambda=NA flag=1lambda=NA [1] "mark4"
Iteration-92 [1] "mark1"
[1] "mark2"
[1] "mark2-1"
[1] "mark2-2"
[1] "mark2-3"
[1] "mark2-4"
[1] "mark3"
[1] "mark4"
Iteration-93 [1] "mark1"
[1] "mark2"
[1] "mark2-1"
[1] "mark2-2"
[1] "mark2-3"
[1] "mark2-4"
[1] "mark3"
[1] "mark4"
Iteration-94 [1] "mark1"
[1] "mark2"
[1] "mark2-1"
[1] "mark2-2"
[1] "mark2-3"
[1] "mark2-4"
[1] "mark3"
[1] "mark4"
Iteration-95 [1] "mark1"
[1] "mark2"
[1] "mark2-1"
[1] "mark2-2"
[1] "mark2-3"
[1] "mark2-4"
[1] "mark3"
flag=1lambda=NA flag=1lambda=NA flag=1lambda=NA flag=1lambda=NA flag=1lambda=NA flag=1lambda=NA flag=1lambda=NA flag=1lambda=NA [1] "mark4"
Iteration-96 [1] "mark1"
[1] "mark2"
[1] "mark2-1"
[1] "mark2-2"
[1] "mark2-3"
[1] "mark2-4"
[1] "mark3"
flag=1lambda=NA flag=1lambda=NA flag=1lambda=NA flag=1lambda=NA flag=1lambda=NA flag=1lambda=NA flag=1lambda=NA flag=1lambda=NA flag=1lambda=NA [1] "mark4"
Iteration-97 [1] "mark1"
[1] "mark2"
[1] "mark2-1"
[1] "mark2-2"
[1] "mark2-3"
[1] "mark2-4"
[1] "mark3"
[1] "mark4"
Iteration-98 [1] "mark1"
[1] "mark2"
[1] "mark2-1"
[1] "mark2-2"
[1] "mark2-3"
[1] "mark2-4"
[1] "mark3"
flag=1lambda=NA flag=1lambda=NA flag=1lambda=NA flag=1lambda=NA flag=1lambda=NA flag=1lambda=NA flag=1lambda=NA [1] "mark4"
Iteration-99 [1] "mark1"
[1] "mark2"
[1] "mark2-1"
[1] "mark2-2"
[1] "mark2-3"
[1] "mark2-4"
[1] "mark3"
[1] "mark4"
Iteration-100  done 
Warning messages:
1: In coxph.fit(X, Y, istrat, offset, init, control, weights = weights,  :
  Loglik converged before variable  1 ; coefficient may be infinite. 
2: In coxph.fit(X, Y, istrat, offset, init, control, weights = weights,  :
  Loglik converged before variable  1 ; coefficient may be infinite. 
